2017-07-27 12:21:10,409   GET     301      16 ms  /
2017-07-27 12:21:10,422   GET     301       1 ms  /
2017-07-27 12:21:10,495   GET     200      64 ms  /3/Cloud
2017-07-27 12:21:10,516   GET     200       7 ms  /3/InitID
2017-07-27 12:21:10,910   GET     200       3 ms  /3/Cloud
2017-07-27 12:21:11,028   GET     200     106 ms  /3/Frames/frame_rdd_34_afaf2a2fbfc1bbde223994b94b64896
2017-07-27 12:21:11,058   GET     200       2 ms  /3/Cloud
2017-07-27 12:21:11,078   GET     200       7 ms  /3/Frames/frame_rdd_34_afaf2a2fbfc1bbde223994b94b64896
2017-07-27 12:21:11,130   GET     301       1 ms  /
2017-07-27 12:21:11,140   GET     301       0 ms  /
2017-07-27 12:21:11,149   GET     200       1 ms  /3/Cloud
2017-07-27 12:21:11,160   GET     200       1 ms  /3/InitID
2017-07-27 12:21:11,265   GET     200       1 ms  /3/Cloud
2017-07-27 12:21:11,286   GET     200       9 ms  /3/Frames/frame_rdd_39_9feb3ffad11807e1120ff5cf8e154614
2017-07-27 12:21:13,446   GET     200       1 ms  /3/Cloud
2017-07-27 12:21:13,461   GET     200       3 ms  /3/Frames/frame_rdd_34_afaf2a2fbfc1bbde223994b94b64896
2017-07-27 12:21:13,486   GET     200       1 ms  /3/Cloud
2017-07-27 12:21:13,543   GET     200      47 ms  /3/ModelBuilders/glm
2017-07-27 12:21:13,682   GET     200       2 ms  /3/Cloud
2017-07-27 12:21:13,799   POST    200     105 ms  /3/ModelBuilders/glm
2017-07-27 12:21:13,851   GET     200       4 ms  /3/Jobs/$03017f00000132d4ffffffff$_a1a9641d4ab58cf929197e5413f84699
2017-07-27 12:21:14,867   GET     200       1 ms  /3/Jobs/$03017f00000132d4ffffffff$_a1a9641d4ab58cf929197e5413f84699
2017-07-27 12:21:14,886   GET     200       1 ms  /3/Cloud
2017-07-27 12:21:14,952   GET     200      55 ms  /3/Models/GLM_model_R_1501183257428_1
2017-07-27 12:21:22,392   GET     200       1 ms  /3/Cloud
2017-07-27 12:21:22,406   GET     200       3 ms  /3/Frames/frame_rdd_34_afaf2a2fbfc1bbde223994b94b64896
2017-07-27 12:21:22,434   GET     200       2 ms  /3/Cloud
2017-07-27 12:21:22,450   GET     200       5 ms  /3/ModelBuilders/glm
2017-07-27 12:21:22,509   GET     200       1 ms  /3/Cloud
2017-07-27 12:21:22,526   POST    200       6 ms  /3/ModelBuilders/glm
2017-07-27 12:21:22,590   GET     200       1 ms  /3/Jobs/$03017f00000132d4ffffffff$_af9aa772cb778170bb1f4966a18546a6
2017-07-27 12:21:22,603   GET     200       1 ms  /3/Cloud
2017-07-27 12:21:22,621   GET     200       5 ms  /3/Models/GLM_model_R_1501183257428_2
2017-07-27 12:22:26,847   GET     200       1 ms  /3/Cloud
2017-07-27 12:22:26,862   GET     200       4 ms  /3/Frames/frame_rdd_34_afaf2a2fbfc1bbde223994b94b64896
2017-07-27 12:22:26,895   GET     200       2 ms  /3/Cloud
2017-07-27 12:22:26,910   GET     200       3 ms  /3/ModelBuilders/glm
2017-07-27 12:22:26,963   GET     200       1 ms  /3/Cloud
2017-07-27 12:22:26,979   POST    200       5 ms  /3/ModelBuilders/glm
2017-07-27 12:22:27,043   GET     200       0 ms  /3/Jobs/$03017f00000132d4ffffffff$_af77fdeb43a65e43e27354cb9f044359
2017-07-27 12:22:27,057   GET     200       1 ms  /3/Cloud
2017-07-27 12:22:27,074   GET     200       6 ms  /3/Models/GLM_model_R_1501183257428_3
2017-07-27 12:22:32,332   GET     200       1 ms  /3/Cloud
2017-07-27 12:22:32,344   GET     200       2 ms  /3/Frames/frame_rdd_34_afaf2a2fbfc1bbde223994b94b64896
2017-07-27 12:22:32,368   GET     200       1 ms  /3/Cloud
2017-07-27 12:22:32,381   GET     200       2 ms  /3/ModelBuilders/glm
2017-07-27 12:22:32,423   GET     200       1 ms  /3/Cloud
2017-07-27 12:22:32,438   POST    200       4 ms  /3/ModelBuilders/glm
2017-07-27 12:22:32,488   GET     200       0 ms  /3/Jobs/$03017f00000132d4ffffffff$_bb286c15444d9fd375a43654addf4848
2017-07-27 12:22:32,501   GET     200       1 ms  /3/Cloud
2017-07-27 12:22:32,516   GET     200       4 ms  /3/Models/GLM_model_R_1501183257428_4
2017-07-27 12:23:04,934   GET     200       1 ms  /3/Cloud
2017-07-27 12:23:04,948   POST    200       2 ms  /4/Predictions/models/GLM_model_R_1501183257428_4/frames/frame_rdd_39_9feb3ffad11807e1120ff5cf8e154614
2017-07-27 12:23:04,960   GET     200       0 ms  /3/Jobs/$03017f00000132d4ffffffff$_b631d3a7437092d0d3fea83eac3143d3
2017-07-27 12:23:04,975   GET     200       1 ms  /3/Cloud
2017-07-27 12:23:04,990   GET     200       3 ms  /3/Frames/predictions_b24a_GLM_model_R_1501183257428_4_on_frame_rdd_39_9feb3ffad11807e1120ff5cf8e154614
2017-07-27 12:23:05,016   GET     301       0 ms  /
2017-07-27 12:23:05,027   GET     301       1 ms  /
2017-07-27 12:23:05,037   GET     200       1 ms  /3/Cloud
2017-07-27 12:23:05,048   GET     200       0 ms  /3/InitID
2017-07-27 12:23:12,933   GET     200       1 ms  /3/Cloud
2017-07-27 12:23:12,946   POST    200       2 ms  /4/Predictions/models/GLM_model_R_1501183257428_4/frames/frame_rdd_39_9feb3ffad11807e1120ff5cf8e154614
2017-07-27 12:23:12,958   GET     200       1 ms  /3/Jobs/$03017f00000132d4ffffffff$_974c502c7db7e60ac7c9e79178904e2b
2017-07-27 12:23:12,969   GET     200       0 ms  /3/Cloud
2017-07-27 12:23:12,981   GET     200       2 ms  /3/Frames/predictions_b005_GLM_model_R_1501183257428_4_on_frame_rdd_39_9feb3ffad11807e1120ff5cf8e154614
2017-07-27 12:23:13,013   GET     301       0 ms  /
2017-07-27 12:23:13,025   GET     301       0 ms  /
2017-07-27 12:23:13,034   GET     200       0 ms  /3/Cloud
2017-07-27 12:23:13,046   GET     200       0 ms  /3/InitID
2017-07-27 12:23:27,157   GET     200       0 ms  /3/Cloud
2017-07-27 12:23:27,168   POST    200       0 ms  /4/Predictions/models/GLM_model_R_1501183257428_4/frames/frame_rdd_39_9feb3ffad11807e1120ff5cf8e154614
2017-07-27 12:23:27,180   GET     200       1 ms  /3/Jobs/$03017f00000132d4ffffffff$_ad788abf1dcc78585a99c74c3d044092
2017-07-27 12:23:27,194   GET     200       1 ms  /3/Cloud
2017-07-27 12:23:27,207   GET     200       2 ms  /3/Frames/predictions_a34d_GLM_model_R_1501183257428_4_on_frame_rdd_39_9feb3ffad11807e1120ff5cf8e154614
2017-07-27 12:23:27,233   GET     301       0 ms  /
2017-07-27 12:23:27,247   GET     301       1 ms  /
2017-07-27 12:23:27,256   GET     200       0 ms  /3/Cloud
2017-07-27 12:23:27,269   GET     200       1 ms  /3/InitID
2017-07-27 12:23:44,250   GET     301       0 ms  /
2017-07-27 12:23:44,261   GET     301       1 ms  /
2017-07-27 12:23:44,270   GET     200       0 ms  /3/Cloud
2017-07-27 12:23:44,281   GET     200       0 ms  /3/InitID
2017-07-27 12:23:44,335   GET     200       1 ms  /3/Cloud
2017-07-27 12:23:44,350   GET     200       5 ms  /3/Frames/frame_rdd_127_8c3c9c725e3b8a0e97d2cd4faeb54a5f
2017-07-27 12:23:53,774   GET     301       0 ms  /
2017-07-27 12:23:53,784   GET     301       0 ms  /
2017-07-27 12:23:53,793   GET     200       0 ms  /3/Cloud
2017-07-27 12:23:53,805   GET     200       1 ms  /3/InitID
2017-07-27 12:23:53,852   GET     200       1 ms  /3/Cloud
2017-07-27 12:23:53,868   GET     200       4 ms  /3/Frames/frame_rdd_131_9034ad3be52fb164de04a9ebc9c24fc8
2017-07-27 12:23:57,354   GET     200       1 ms  /3/Cloud
2017-07-27 12:23:57,370   GET     200       5 ms  /3/ModelBuilders/kmeans
2017-07-27 12:23:57,399   GET     200       1 ms  /3/Cloud
2017-07-27 12:23:57,427   POST    200      16 ms  /3/ModelBuilders/kmeans
2017-07-27 12:23:57,455   GET     200       1 ms  /3/Jobs/$03017f00000132d4ffffffff$_b3ed6a06f31cd57032cc802b6aa41cc
2017-07-27 12:23:58,475   GET     200       1 ms  /3/Jobs/$03017f00000132d4ffffffff$_b3ed6a06f31cd57032cc802b6aa41cc
2017-07-27 12:23:58,494   GET     200       1 ms  /3/Cloud
2017-07-27 12:23:58,515   GET     200      12 ms  /3/Models/KMeans_model_R_1501183257428_5
2017-07-27 12:24:14,369   GET     200       0 ms  /3/Cloud
2017-07-27 12:24:14,384   GET     200       3 ms  /3/ModelBuilders/pca
2017-07-27 12:24:14,419   GET     200       0 ms  /3/Cloud
2017-07-27 12:24:14,440   POST    200      12 ms  /3/ModelBuilders/pca
2017-07-27 12:24:14,473   GET     200       1 ms  /3/Jobs/$03017f00000132d4ffffffff$_beff6e17dd73cb374d52a5b89c894e38
2017-07-27 12:24:14,486   GET     200       0 ms  /3/Cloud
2017-07-27 12:24:14,505   GET     200       8 ms  /3/Models/PCA_model_R_1501183257428_6
2017-07-27 12:24:26,931   GET     200       0 ms  /3/Cloud
2017-07-27 12:24:26,943   GET     200       2 ms  /3/ModelBuilders/pca
2017-07-27 12:24:26,963   GET     200       1 ms  /3/Cloud
2017-07-27 12:24:26,976   POST    200       3 ms  /3/ModelBuilders/pca
2017-07-27 12:24:27,002   GET     200       0 ms  /3/Jobs/$03017f00000132d4ffffffff$_a8b1d1c8240efb34aa2a5a397c8846d3
2017-07-27 12:24:27,014   GET     200       0 ms  /3/Cloud
2017-07-27 12:24:27,029   GET     200       4 ms  /3/Models/PCA_model_R_1501183257428_7
2017-07-27 12:24:34,427   GET     200       1 ms  /3/Cloud
2017-07-27 12:24:34,439   GET     200       1 ms  /3/Cloud
2017-07-27 12:24:34,558   POST    200     109 ms  /99/Rapids
2017-07-27 12:24:34,570   GET     200       2 ms  /3/Frames/RTMP_sid_b821_1
2017-07-27 12:24:37,512   GET     200       1 ms  /3/Cloud
2017-07-27 12:24:37,524   GET     200       1 ms  /3/Cloud
2017-07-27 12:24:37,548   POST    200      14 ms  /99/Rapids
2017-07-27 12:24:37,560   GET     200       3 ms  /3/Frames/RTMP_sid_b821_2
2017-07-27 12:24:37,593   GET     200       1 ms  /3/Cloud
2017-07-27 12:24:37,606   GET     200       1 ms  /3/Cloud
2017-07-27 12:24:37,623   POST    200       5 ms  /99/Rapids
2017-07-27 12:24:37,637   GET     200       3 ms  /3/Frames/RTMP_sid_b821_4
2017-07-27 12:24:39,396   GET     200       1 ms  /3/Cloud
2017-07-27 12:24:39,414   GET     200       7 ms  /3/ModelBuilders/drf
2017-07-27 12:24:39,458   GET     200       1 ms  /3/Cloud
2017-07-27 12:24:39,494   POST    200      24 ms  /3/ModelBuilders/drf
2017-07-27 12:24:39,542   GET     200       1 ms  /3/Jobs/$03017f00000132d4ffffffff$_99d7bd290ed9771c220f1b4bd1d64290
2017-07-27 12:24:40,558   GET     200       0 ms  /3/Jobs/$03017f00000132d4ffffffff$_99d7bd290ed9771c220f1b4bd1d64290
2017-07-27 12:24:40,574   GET     200       1 ms  /3/Cloud
2017-07-27 12:24:40,603   GET     200      18 ms  /3/Models/DRF_model_R_1501183257428_8
2017-07-27 12:24:56,452   GET     200       1 ms  /3/Cloud
2017-07-27 12:24:56,469   GET     200       5 ms  /3/ModelBuilders/gbm
2017-07-27 12:24:56,527   GET     200       1 ms  /3/Cloud
2017-07-27 12:24:56,546   POST    200       9 ms  /3/ModelBuilders/gbm
2017-07-27 12:24:56,609   GET     200       1 ms  /3/Jobs/$03017f00000132d4ffffffff$_933384217cccbc1f73fde0184fb64801
2017-07-27 12:24:57,626   GET     200       0 ms  /3/Jobs/$03017f00000132d4ffffffff$_933384217cccbc1f73fde0184fb64801
2017-07-27 12:24:57,640   GET     200       0 ms  /3/Cloud
2017-07-27 12:24:57,658   GET     200       6 ms  /3/Models/GBM_model_R_1501183257428_9
2017-07-27 12:24:57,703   GET     200       0 ms  /3/Cloud
2017-07-27 12:24:57,718   POST    200       5 ms  /99/Rapids
2017-07-27 12:25:15,352   GET     301       0 ms  /
2017-07-27 12:25:15,362   GET     301       1 ms  /
2017-07-27 12:25:15,370   GET     200       1 ms  /3/Cloud
2017-07-27 12:25:15,382   GET     200       1 ms  /3/InitID
2017-07-27 12:25:15,435   GET     200       1 ms  /3/Cloud
2017-07-27 12:25:15,449   GET     200       4 ms  /3/Frames/frame_rdd_200_a29d9cbefaf43e919ac07328812143f5
2017-07-27 12:25:15,475   GET     200       1 ms  /3/Cloud
2017-07-27 12:25:15,487   GET     200       1 ms  /3/Cloud
2017-07-27 12:25:15,507   POST    200       8 ms  /99/Rapids
2017-07-27 12:25:15,520   GET     200       3 ms  /3/Frames/RTMP_sid_9f24_5
2017-07-27 12:25:15,558   GET     200       1 ms  /3/Cloud
2017-07-27 12:25:15,572   GET     200       0 ms  /3/Cloud
2017-07-27 12:25:15,590   POST    200       6 ms  /99/Rapids
2017-07-27 12:25:15,604   GET     200       3 ms  /3/Frames/RTMP_sid_9f24_7
2017-07-27 12:25:33,120   GET     301       0 ms  /
2017-07-27 12:25:33,130   GET     301       0 ms  /
2017-07-27 12:25:33,138   GET     200       0 ms  /3/Cloud
2017-07-27 12:25:33,155   GET     200       1 ms  /3/InitID
2017-07-27 12:25:33,200   GET     200       1 ms  /3/Cloud
2017-07-27 12:25:33,215   GET     200       3 ms  /3/Frames/frame_rdd_204_8bab46a0a794505ccdffc5c0b8fc4409
2017-07-27 12:25:33,241   GET     200       0 ms  /3/Cloud
2017-07-27 12:25:33,253   GET     200       0 ms  /3/Cloud
2017-07-27 12:25:33,269   POST    200       6 ms  /99/Rapids
2017-07-27 12:25:33,283   GET     200       3 ms  /3/Frames/RTMP_sid_aa52_8
2017-07-27 12:25:33,319   GET     200       1 ms  /3/Cloud
2017-07-27 12:25:33,335   GET     200       1 ms  /3/Cloud
2017-07-27 12:25:33,354   POST    200       6 ms  /99/Rapids
2017-07-27 12:25:33,369   GET     200       3 ms  /3/Frames/RTMP_sid_aa52_10
2017-07-27 12:25:39,074   GET     200       0 ms  /3/Cloud
2017-07-27 12:25:39,097   GET     200      13 ms  /3/ModelBuilders/deeplearning
2017-07-27 12:25:39,177   GET     200       1 ms  /3/Cloud
2017-07-27 12:25:39,224   POST    200      37 ms  /3/ModelBuilders/deeplearning
2017-07-27 12:25:39,328   GET     200       1 ms  /3/Jobs/$03017f00000132d4ffffffff$_b8442a0e36fdfae9ace449610baa4b6a
2017-07-27 12:25:40,344   GET     200       1 ms  /3/Jobs/$03017f00000132d4ffffffff$_b8442a0e36fdfae9ace449610baa4b6a
2017-07-27 12:25:40,360   GET     200       1 ms  /3/Cloud
2017-07-27 12:25:40,378   GET     200       8 ms  /3/Models/DeepLearning_model_R_1501183257428_10
2017-07-27 12:25:43,748   GET     200       0 ms  /3/Cloud
2017-07-27 12:25:43,773   POST    200      13 ms  /3/ModelMetrics/models/DeepLearning_model_R_1501183257428_10/frames/RTMP_sid_aa52_10
2017-07-27 12:26:05,918   GET     200       1 ms  /3/Cloud
2017-07-27 12:26:05,929   GET     200       0 ms  /3/Cloud
2017-07-27 12:26:05,945   POST    200       4 ms  /99/Rapids
2017-07-27 12:26:05,959   GET     200       4 ms  /3/Frames/RTMP_sid_aa52_11
2017-07-27 12:26:05,996   GET     200       1 ms  /3/Cloud
2017-07-27 12:26:06,008   GET     200       0 ms  /3/Cloud
2017-07-27 12:26:06,024   POST    200       4 ms  /99/Rapids
2017-07-27 12:26:06,038   GET     200       3 ms  /3/Frames/RTMP_sid_aa52_13
2017-07-27 12:26:06,061   GET     200       1 ms  /3/Cloud
2017-07-27 12:26:06,073   POST    200       1 ms  /99/Rapids
2017-07-27 12:26:08,814   GET     200       0 ms  /3/Cloud
2017-07-27 12:26:08,825   GET     200       1 ms  /3/ModelBuilders/gbm
2017-07-27 12:26:08,881   GET     200       0 ms  /3/Cloud
2017-07-27 12:26:08,938   POST    200      47 ms  /99/Grid/gbm
2017-07-27 12:26:08,957   GET     200       0 ms  /3/Jobs/$03017f00000132d4ffffffff$_8e2df3786521b10c5fd9fd3b2d324f24
2017-07-27 12:26:09,973   GET     200       0 ms  /3/Jobs/$03017f00000132d4ffffffff$_8e2df3786521b10c5fd9fd3b2d324f24
2017-07-27 12:26:10,989   GET     200       1 ms  /3/Jobs/$03017f00000132d4ffffffff$_8e2df3786521b10c5fd9fd3b2d324f24
2017-07-27 12:26:12,002   GET     200       1 ms  /3/Jobs/$03017f00000132d4ffffffff$_8e2df3786521b10c5fd9fd3b2d324f24
2017-07-27 12:26:13,016   GET     200       1 ms  /3/Jobs/$03017f00000132d4ffffffff$_8e2df3786521b10c5fd9fd3b2d324f24
2017-07-27 12:26:14,031   GET     200       1 ms  /3/Jobs/$03017f00000132d4ffffffff$_8e2df3786521b10c5fd9fd3b2d324f24
2017-07-27 12:26:15,046   GET     200       0 ms  /3/Jobs/$03017f00000132d4ffffffff$_8e2df3786521b10c5fd9fd3b2d324f24
2017-07-27 12:26:16,060   GET     200       1 ms  /3/Jobs/$03017f00000132d4ffffffff$_8e2df3786521b10c5fd9fd3b2d324f24
2017-07-27 12:26:17,076   GET     200       1 ms  /3/Jobs/$03017f00000132d4ffffffff$_8e2df3786521b10c5fd9fd3b2d324f24
2017-07-27 12:26:18,089   GET     200       0 ms  /3/Jobs/$03017f00000132d4ffffffff$_8e2df3786521b10c5fd9fd3b2d324f24
2017-07-27 12:26:19,104   GET     200       0 ms  /3/Jobs/$03017f00000132d4ffffffff$_8e2df3786521b10c5fd9fd3b2d324f24
2017-07-27 12:26:20,119   GET     200       0 ms  /3/Jobs/$03017f00000132d4ffffffff$_8e2df3786521b10c5fd9fd3b2d324f24
2017-07-27 12:26:21,134   GET     200       0 ms  /3/Jobs/$03017f00000132d4ffffffff$_8e2df3786521b10c5fd9fd3b2d324f24
2017-07-27 12:26:22,148   GET     200       1 ms  /3/Jobs/$03017f00000132d4ffffffff$_8e2df3786521b10c5fd9fd3b2d324f24
2017-07-27 12:26:23,162   GET     200       1 ms  /3/Jobs/$03017f00000132d4ffffffff$_8e2df3786521b10c5fd9fd3b2d324f24
2017-07-27 12:26:24,178   GET     200       0 ms  /3/Jobs/$03017f00000132d4ffffffff$_8e2df3786521b10c5fd9fd3b2d324f24
2017-07-27 12:26:24,191   GET     200       1 ms  /3/Cloud
2017-07-27 12:26:24,221   GET     200      18 ms  /99/Grids/gbm_grid1
2017-07-27 12:26:24,346   GET     200       1 ms  /3/Cloud
2017-07-27 12:26:24,364   GET     200       8 ms  /99/Grids/gbm_grid1
2017-07-27 12:26:24,426   GET     200       0 ms  /3/Cloud
2017-07-27 12:26:24,445   POST    200       6 ms  /99/Rapids
2017-07-27 12:26:24,456   GET     200       1 ms  /3/Cloud
2017-07-27 12:26:24,475   POST    200       6 ms  /99/Rapids
2017-07-27 12:26:24,486   GET     200       1 ms  /3/Cloud
2017-07-27 12:26:24,496   POST    200       1 ms  /99/Rapids
2017-07-27 12:26:24,508   GET     200       1 ms  /3/Cloud
2017-07-27 12:26:24,524   POST    200       5 ms  /99/Rapids
2017-07-27 12:26:24,536   GET     200       1 ms  /3/Cloud
2017-07-27 12:26:24,551   POST    200       3 ms  /99/Rapids
2017-07-27 12:26:24,561   GET     200       0 ms  /3/Cloud
2017-07-27 12:26:24,572   POST    200       1 ms  /99/Rapids
2017-07-27 12:26:36,460   GET     200       0 ms  /3/Cloud
2017-07-27 12:26:36,474   GET     200       2 ms  /3/ModelBuilders/gbm
2017-07-27 12:26:36,553   GET     200       1 ms  /3/Cloud
2017-07-27 12:26:36,583   POST    200      16 ms  /99/Grid/gbm
2017-07-27 12:26:36,602   GET     200       0 ms  /3/Jobs/$03017f00000132d4ffffffff$_a537e58c1defd76e501ab663411145e9
2017-07-27 12:26:37,618   GET     200       1 ms  /3/Jobs/$03017f00000132d4ffffffff$_a537e58c1defd76e501ab663411145e9
2017-07-27 12:26:38,632   GET     200       1 ms  /3/Jobs/$03017f00000132d4ffffffff$_a537e58c1defd76e501ab663411145e9
2017-07-27 12:26:39,646   GET     200       0 ms  /3/Jobs/$03017f00000132d4ffffffff$_a537e58c1defd76e501ab663411145e9
2017-07-27 12:26:40,661   GET     200       1 ms  /3/Jobs/$03017f00000132d4ffffffff$_a537e58c1defd76e501ab663411145e9
2017-07-27 12:26:41,678   GET     200       0 ms  /3/Jobs/$03017f00000132d4ffffffff$_a537e58c1defd76e501ab663411145e9
2017-07-27 12:26:42,693   GET     200       0 ms  /3/Jobs/$03017f00000132d4ffffffff$_a537e58c1defd76e501ab663411145e9
2017-07-27 12:26:43,706   GET     200       0 ms  /3/Jobs/$03017f00000132d4ffffffff$_a537e58c1defd76e501ab663411145e9
2017-07-27 12:26:44,721   GET     200       1 ms  /3/Jobs/$03017f00000132d4ffffffff$_a537e58c1defd76e501ab663411145e9
2017-07-27 12:26:45,735   GET     200       0 ms  /3/Jobs/$03017f00000132d4ffffffff$_a537e58c1defd76e501ab663411145e9
2017-07-27 12:26:46,748   GET     200       0 ms  /3/Jobs/$03017f00000132d4ffffffff$_a537e58c1defd76e501ab663411145e9
2017-07-27 12:26:47,763   GET     200       1 ms  /3/Jobs/$03017f00000132d4ffffffff$_a537e58c1defd76e501ab663411145e9
2017-07-27 12:26:48,781   GET     200       1 ms  /3/Jobs/$03017f00000132d4ffffffff$_a537e58c1defd76e501ab663411145e9
2017-07-27 12:26:48,796   GET     200       1 ms  /3/Cloud
2017-07-27 12:26:48,818   GET     200      10 ms  /99/Grids/gbm_grid2
2017-07-27 12:26:48,982   GET     200       1 ms  /3/Cloud
2017-07-27 12:26:49,000   GET     200       9 ms  /99/Grids/gbm_grid2
2017-07-27 22:02:34,625   GET     301      17 ms  /
2017-07-27 22:02:34,639   GET     301       1 ms  /
2017-07-27 22:02:34,708   GET     200      58 ms  /3/Cloud
2017-07-27 22:02:34,728   GET     200       7 ms  /3/InitID
2017-07-27 22:02:35,126   GET     200       2 ms  /3/Cloud
2017-07-27 22:02:35,239   GET     200     103 ms  /3/Frames/frame_rdd_32_832054272da16bb58bddd446ffb24ae0
2017-07-27 22:02:35,288   GET     301       1 ms  /
2017-07-27 22:02:35,298   GET     301       0 ms  /
2017-07-27 22:02:35,308   GET     200       1 ms  /3/Cloud
2017-07-27 22:02:35,319   GET     200       1 ms  /3/InitID
2017-07-27 22:02:35,423   GET     200       1 ms  /3/Cloud
2017-07-27 22:02:35,445   GET     200      11 ms  /3/Frames/frame_rdd_37_9810c449e44e8a63ba33438cd5fb42c7
2017-07-27 22:02:35,478   GET     200       1 ms  /3/Cloud
2017-07-27 22:02:35,496   GET     200       5 ms  /3/Frames/frame_rdd_32_832054272da16bb58bddd446ffb24ae0
2017-07-27 22:02:35,522   GET     200       2 ms  /3/Cloud
2017-07-27 22:02:35,591   GET     200      57 ms  /3/ModelBuilders/glm
2017-07-27 22:02:35,633   GET     200       1 ms  /3/Cloud
2017-07-27 22:02:35,740   POST    200      97 ms  /3/ModelBuilders/glm
2017-07-27 22:02:35,800   GET     200       6 ms  /3/Jobs/$03017f00000132d4ffffffff$_bc557edd59d8779c7a717757f53e4fba
2017-07-27 22:02:36,820   GET     200       1 ms  /3/Jobs/$03017f00000132d4ffffffff$_bc557edd59d8779c7a717757f53e4fba
2017-07-27 22:02:36,835   GET     200       1 ms  /3/Cloud
2017-07-27 22:02:36,885   GET     200      38 ms  /3/Models/GLM_model_R_1501218142242_1
2017-07-27 22:02:37,033   GET     200       1 ms  /3/Cloud
2017-07-27 22:02:37,048   POST    200       3 ms  /4/Predictions/models/GLM_model_R_1501218142242_1/frames/frame_rdd_37_9810c449e44e8a63ba33438cd5fb42c7
2017-07-27 22:02:37,059   GET     200       1 ms  /3/Jobs/$03017f00000132d4ffffffff$_847ba4168b05d7f7e8bee6d2bb1e47b6
2017-07-27 22:02:37,071   GET     200       1 ms  /3/Cloud
2017-07-27 22:02:37,091   GET     200       4 ms  /3/Frames/predictions_ad9b_GLM_model_R_1501218142242_1_on_frame_rdd_37_9810c449e44e8a63ba33438cd5fb42c7
2017-07-27 22:02:37,114   GET     301       0 ms  /
2017-07-27 22:02:37,125   GET     301       0 ms  /
2017-07-27 22:02:37,138   GET     200       1 ms  /3/Cloud
2017-07-27 22:02:37,152   GET     200       1 ms  /3/InitID
2017-07-27 22:02:38,291   GET     301       0 ms  /
2017-07-27 22:02:38,302   GET     301       0 ms  /
2017-07-27 22:02:38,311   GET     200       1 ms  /3/Cloud
2017-07-27 22:02:38,322   GET     200       1 ms  /3/InitID
2017-07-27 22:02:38,385   GET     200       0 ms  /3/Cloud
2017-07-27 22:02:38,400   GET     200       5 ms  /3/Frames/frame_rdd_79_be6607d2074bd4e4e7e9bf6f27384cdb
2017-07-27 22:02:38,429   GET     200       0 ms  /3/Cloud
2017-07-27 22:02:38,445   GET     200       6 ms  /3/ModelBuilders/kmeans
2017-07-27 22:02:38,469   GET     200       1 ms  /3/Cloud
2017-07-27 22:02:38,496   POST    200      18 ms  /3/ModelBuilders/kmeans
2017-07-27 22:02:38,524   GET     200       1 ms  /3/Jobs/$03017f00000132d4ffffffff$_9035454852d8cdb99eaaa6969514912
2017-07-27 22:02:39,541   GET     200       1 ms  /3/Jobs/$03017f00000132d4ffffffff$_9035454852d8cdb99eaaa6969514912
2017-07-27 22:02:39,556   GET     200       1 ms  /3/Cloud
2017-07-27 22:02:39,580   GET     200      12 ms  /3/Models/KMeans_model_R_1501218142242_2
2017-07-27 22:02:39,647   GET     200       1 ms  /3/Cloud
2017-07-27 22:02:39,662   GET     200       4 ms  /3/ModelBuilders/pca
2017-07-27 22:02:39,684   GET     200       1 ms  /3/Cloud
2017-07-27 22:02:39,707   POST    200      12 ms  /3/ModelBuilders/pca
2017-07-27 22:02:39,737   GET     200       2 ms  /3/Jobs/$03017f00000132d4ffffffff$_ac3480539fc148f01a8c5156ad184bff
2017-07-27 22:02:39,749   GET     200       1 ms  /3/Cloud
2017-07-27 22:02:39,766   GET     200       7 ms  /3/Models/PCA_model_R_1501218142242_3
2017-07-27 22:02:39,835   GET     200       1 ms  /3/Cloud
2017-07-27 22:02:39,851   GET     200       1 ms  /3/Cloud
2017-07-27 22:02:39,989   POST    200     123 ms  /99/Rapids
2017-07-27 22:02:40,003   GET     200       3 ms  /3/Frames/RTMP_sid_ae1a_4
2017-07-27 22:02:40,022   GET     200       1 ms  /3/Cloud
2017-07-27 22:02:40,035   POST    200       4 ms  /99/Rapids
2017-07-27 22:02:40,045   GET     200       0 ms  /3/Cloud
2017-07-27 22:02:40,063   GET     200       6 ms  /3/ModelBuilders/drf
2017-07-27 22:02:40,101   GET     200       0 ms  /3/Cloud
2017-07-27 22:02:40,137   POST    200      26 ms  /3/ModelBuilders/drf
2017-07-27 22:02:40,183   GET     200       0 ms  /3/Jobs/$03017f00000132d4ffffffff$_b776b6c5366f4d51da3ea052dda943dd
2017-07-27 22:02:41,201   GET     200       0 ms  /3/Jobs/$03017f00000132d4ffffffff$_b776b6c5366f4d51da3ea052dda943dd
2017-07-27 22:02:41,215   GET     200       1 ms  /3/Cloud
2017-07-27 22:02:41,245   GET     200      15 ms  /3/Models/DRF_model_R_1501218142242_4
2017-07-27 22:02:41,392   GET     200       1 ms  /3/Cloud
2017-07-27 22:02:41,409   GET     200       6 ms  /3/ModelBuilders/gbm
2017-07-27 22:02:41,452   GET     200       1 ms  /3/Cloud
2017-07-27 22:02:41,478   POST    200      14 ms  /3/ModelBuilders/gbm
2017-07-27 22:02:41,534   GET     200       0 ms  /3/Jobs/$03017f00000132d4ffffffff$_89b468da368be074a9c5ae3aa1fe4ce6
2017-07-27 22:02:42,554   GET     200       0 ms  /3/Jobs/$03017f00000132d4ffffffff$_89b468da368be074a9c5ae3aa1fe4ce6
2017-07-27 22:02:42,566   GET     200       1 ms  /3/Cloud
2017-07-27 22:02:42,582   GET     200       6 ms  /3/Models/GBM_model_R_1501218142242_5
2017-07-27 22:02:43,397   GET     301       1 ms  /
2017-07-27 22:02:43,407   GET     301       0 ms  /
2017-07-27 22:02:43,417   GET     200       1 ms  /3/Cloud
2017-07-27 22:02:43,429   GET     200       1 ms  /3/InitID
2017-07-27 22:02:43,488   GET     200       0 ms  /3/Cloud
2017-07-27 22:02:43,502   GET     200       3 ms  /3/Frames/frame_rdd_122_b7dff994e6157a57945bc1325ebe4a23
2017-07-27 22:02:43,543   GET     200       0 ms  /3/Cloud
2017-07-27 22:02:43,554   GET     200       1 ms  /3/Cloud
2017-07-27 22:02:43,571   POST    200       7 ms  /99/Rapids
2017-07-27 22:02:43,584   GET     200       4 ms  /3/Frames/RTMP_sid_b3ff_7
2017-07-27 22:02:43,606   GET     200       0 ms  /3/Cloud
2017-07-27 22:02:43,621   GET     200       5 ms  /3/ModelBuilders/deeplearning
2017-07-27 22:02:43,711   GET     200       1 ms  /3/Cloud
2017-07-27 22:02:43,761   POST    200      39 ms  /3/ModelBuilders/deeplearning
2017-07-27 22:02:43,818   GET     200       1 ms  /3/Cloud
2017-07-27 22:02:43,930   POST    200      48 ms  /99/Rapids
2017-07-27 22:02:43,966   GET     200       1 ms  /3/Cloud
2017-07-27 22:02:44,020   POST    200      42 ms  /99/Rapids
2017-07-27 22:02:44,034   GET     200       1 ms  /3/Cloud
2017-07-27 22:02:44,051   POST    200       4 ms  /99/Rapids
2017-07-27 22:02:44,064   GET     200       1 ms  /3/Cloud
2017-07-27 22:02:44,095   POST    200      15 ms  /99/Rapids
2017-07-27 22:02:44,107   GET     200       0 ms  /3/Cloud
2017-07-27 22:02:44,137   POST    200      17 ms  /99/Rapids
2017-07-27 22:02:44,220   GET     200       1 ms  /3/Jobs/$03017f00000132d4ffffffff$_92f266f1b40649b820b467ee13264560
2017-07-27 22:02:45,242   GET     200       1 ms  /3/Jobs/$03017f00000132d4ffffffff$_92f266f1b40649b820b467ee13264560
2017-07-27 22:02:45,256   GET     200       1 ms  /3/Cloud
2017-07-27 22:02:45,282   GET     200      11 ms  /3/Models/DeepLearning_model_R_1501218142242_6
2017-07-27 22:02:45,380   GET     200       1 ms  /3/Cloud
2017-07-27 22:02:45,396   POST    200       5 ms  /99/Rapids
2017-07-27 22:02:45,412   GET     200       1 ms  /3/Cloud
2017-07-27 22:02:45,437   POST    200      12 ms  /3/ModelMetrics/models/DeepLearning_model_R_1501218142242_6/frames/RTMP_sid_b3ff_9
2017-07-27 22:02:45,473   GET     200       1 ms  /3/Cloud
2017-07-27 22:02:45,488   GET     200       2 ms  /3/ModelBuilders/gbm
2017-07-27 22:02:45,533   GET     200       1 ms  /3/Cloud
2017-07-27 22:02:45,547   GET     200       0 ms  /3/Cloud
2017-07-27 22:02:45,568   POST    200       7 ms  /99/Rapids
2017-07-27 22:02:45,582   GET     200       3 ms  /3/Frames/RTMP_sid_b3ff_10
2017-07-27 22:02:45,612   GET     200       1 ms  /3/Cloud
2017-07-27 22:02:45,666   POST    200      42 ms  /99/Grid/gbm
2017-07-27 22:02:45,684   GET     200       0 ms  /3/Jobs/$03017f00000132d4ffffffff$_9cc04907c4692d62febf56ff9a1d4b20
2017-07-27 22:02:46,701   GET     200       0 ms  /3/Jobs/$03017f00000132d4ffffffff$_9cc04907c4692d62febf56ff9a1d4b20
2017-07-27 22:02:47,715   GET     200       1 ms  /3/Jobs/$03017f00000132d4ffffffff$_9cc04907c4692d62febf56ff9a1d4b20
2017-07-27 22:02:48,727   GET     200       1 ms  /3/Jobs/$03017f00000132d4ffffffff$_9cc04907c4692d62febf56ff9a1d4b20
2017-07-27 22:02:49,740   GET     200       1 ms  /3/Jobs/$03017f00000132d4ffffffff$_9cc04907c4692d62febf56ff9a1d4b20
2017-07-27 22:02:50,751   GET     200       1 ms  /3/Jobs/$03017f00000132d4ffffffff$_9cc04907c4692d62febf56ff9a1d4b20
2017-07-27 22:02:51,765   GET     200       0 ms  /3/Jobs/$03017f00000132d4ffffffff$_9cc04907c4692d62febf56ff9a1d4b20
2017-07-27 22:02:52,776   GET     200       0 ms  /3/Jobs/$03017f00000132d4ffffffff$_9cc04907c4692d62febf56ff9a1d4b20
2017-07-27 22:02:53,790   GET     200       1 ms  /3/Jobs/$03017f00000132d4ffffffff$_9cc04907c4692d62febf56ff9a1d4b20
2017-07-27 22:02:54,802   GET     200       0 ms  /3/Jobs/$03017f00000132d4ffffffff$_9cc04907c4692d62febf56ff9a1d4b20
2017-07-27 22:02:55,814   GET     200       1 ms  /3/Jobs/$03017f00000132d4ffffffff$_9cc04907c4692d62febf56ff9a1d4b20
2017-07-27 22:02:56,833   GET     200       0 ms  /3/Jobs/$03017f00000132d4ffffffff$_9cc04907c4692d62febf56ff9a1d4b20
2017-07-27 22:02:57,850   GET     200       0 ms  /3/Jobs/$03017f00000132d4ffffffff$_9cc04907c4692d62febf56ff9a1d4b20
2017-07-27 22:02:58,864   GET     200       1 ms  /3/Jobs/$03017f00000132d4ffffffff$_9cc04907c4692d62febf56ff9a1d4b20
2017-07-27 22:02:59,876   GET     200       1 ms  /3/Jobs/$03017f00000132d4ffffffff$_9cc04907c4692d62febf56ff9a1d4b20
2017-07-27 22:03:00,893   GET     200       0 ms  /3/Jobs/$03017f00000132d4ffffffff$_9cc04907c4692d62febf56ff9a1d4b20
2017-07-27 22:03:00,907   GET     200       1 ms  /3/Cloud
2017-07-27 22:03:00,937   GET     200      18 ms  /99/Grids/gbm_grid1
2017-07-27 22:03:01,029   GET     200       1 ms  /3/Cloud
2017-07-27 22:03:01,048   GET     200       8 ms  /99/Grids/gbm_grid1
2017-07-27 22:03:01,165   GET     200       0 ms  /3/Cloud
2017-07-27 22:03:01,178   GET     200       2 ms  /3/ModelBuilders/gbm
2017-07-27 22:03:01,224   GET     200       1 ms  /3/Cloud
2017-07-27 22:03:01,237   POST    200       4 ms  /99/Rapids
2017-07-27 22:03:01,260   GET     200       1 ms  /3/Cloud
2017-07-27 22:03:01,284   POST    200      13 ms  /99/Grid/gbm
2017-07-27 22:03:01,298   GET     200       0 ms  /3/Jobs/$03017f00000132d4ffffffff$_bc655947d2ee253092c3e78e7dff4b72
2017-07-27 22:03:02,312   GET     200       1 ms  /3/Jobs/$03017f00000132d4ffffffff$_bc655947d2ee253092c3e78e7dff4b72
2017-07-27 22:03:03,330   GET     200       0 ms  /3/Jobs/$03017f00000132d4ffffffff$_bc655947d2ee253092c3e78e7dff4b72
2017-07-27 22:03:04,344   GET     200       0 ms  /3/Jobs/$03017f00000132d4ffffffff$_bc655947d2ee253092c3e78e7dff4b72
2017-07-27 22:03:05,357   GET     200       0 ms  /3/Jobs/$03017f00000132d4ffffffff$_bc655947d2ee253092c3e78e7dff4b72
2017-07-27 22:03:06,369   GET     200       0 ms  /3/Jobs/$03017f00000132d4ffffffff$_bc655947d2ee253092c3e78e7dff4b72
2017-07-27 22:03:07,383   GET     200       1 ms  /3/Jobs/$03017f00000132d4ffffffff$_bc655947d2ee253092c3e78e7dff4b72
2017-07-27 22:03:08,398   GET     200       0 ms  /3/Jobs/$03017f00000132d4ffffffff$_bc655947d2ee253092c3e78e7dff4b72
2017-07-27 22:03:09,410   GET     200       0 ms  /3/Jobs/$03017f00000132d4ffffffff$_bc655947d2ee253092c3e78e7dff4b72
2017-07-27 22:03:10,424   GET     200       0 ms  /3/Jobs/$03017f00000132d4ffffffff$_bc655947d2ee253092c3e78e7dff4b72
2017-07-27 22:03:11,438   GET     200       0 ms  /3/Jobs/$03017f00000132d4ffffffff$_bc655947d2ee253092c3e78e7dff4b72
2017-07-27 22:03:12,456   GET     200       1 ms  /3/Jobs/$03017f00000132d4ffffffff$_bc655947d2ee253092c3e78e7dff4b72
2017-07-27 22:03:12,468   GET     200       1 ms  /3/Cloud
2017-07-27 22:03:12,492   GET     200      11 ms  /99/Grids/gbm_grid2
2017-07-27 22:03:12,603   GET     200       1 ms  /3/Cloud
2017-07-27 22:03:12,623   GET     200      10 ms  /99/Grids/gbm_grid2
2017-07-27 23:18:28,707   GET     301      19 ms  /
2017-07-27 23:18:28,721   GET     301       0 ms  /
2017-07-27 23:18:28,800   GET     200      67 ms  /3/Cloud
2017-07-27 23:18:28,827   GET     200      10 ms  /3/InitID
2017-07-27 23:18:29,345   GET     200       3 ms  /3/Cloud
2017-07-27 23:18:29,475   GET     200     119 ms  /3/Frames/frame_rdd_32_9d0f01f37ecb93c66bd6ec93bffd4789
2017-07-27 23:18:29,536   GET     301       0 ms  /
2017-07-27 23:18:29,548   GET     301       0 ms  /
2017-07-27 23:18:29,559   GET     200       1 ms  /3/Cloud
2017-07-27 23:18:29,570   GET     200       0 ms  /3/InitID
2017-07-27 23:18:29,719   GET     200       1 ms  /3/Cloud
2017-07-27 23:18:29,742   GET     200      12 ms  /3/Frames/frame_rdd_37_bc1c9584a91b78e034f9eb495af847e9
2017-07-27 23:18:29,779   GET     200       2 ms  /3/Cloud
2017-07-27 23:18:29,796   GET     200       5 ms  /3/Frames/frame_rdd_32_9d0f01f37ecb93c66bd6ec93bffd4789
2017-07-27 23:18:29,823   GET     200       1 ms  /3/Cloud
2017-07-27 23:18:29,880   GET     200      46 ms  /3/ModelBuilders/glm
2017-07-27 23:18:29,926   GET     200       1 ms  /3/Cloud
2017-07-27 23:18:30,051   POST    200     113 ms  /3/ModelBuilders/glm
2017-07-27 23:18:30,125   GET     200       7 ms  /3/Jobs/$03017f00000132d4ffffffff$_a01611883d3247a2ad4d153fa7b14c27
2017-07-27 23:18:31,142   GET     200       1 ms  /3/Jobs/$03017f00000132d4ffffffff$_a01611883d3247a2ad4d153fa7b14c27
2017-07-27 23:18:31,155   GET     200       1 ms  /3/Cloud
2017-07-27 23:18:31,216   GET     200      50 ms  /3/Models/GLM_model_R_1501222695137_1
2017-07-27 23:18:31,376   GET     200       1 ms  /3/Cloud
2017-07-27 23:18:31,389   POST    200       3 ms  /4/Predictions/models/GLM_model_R_1501222695137_1/frames/frame_rdd_37_bc1c9584a91b78e034f9eb495af847e9
2017-07-27 23:18:31,400   GET     200       0 ms  /3/Jobs/$03017f00000132d4ffffffff$_ad182ca84c0d3a74277b4ff8fdf54db7
2017-07-27 23:18:31,412   GET     200       1 ms  /3/Cloud
2017-07-27 23:18:31,431   GET     200       3 ms  /3/Frames/predictions_9b4e_GLM_model_R_1501222695137_1_on_frame_rdd_37_bc1c9584a91b78e034f9eb495af847e9
2017-07-27 23:18:31,455   GET     301       0 ms  /
2017-07-27 23:18:31,461   GET     301       0 ms  /
2017-07-27 23:18:31,470   GET     200       1 ms  /3/Cloud
2017-07-27 23:18:31,481   GET     200       0 ms  /3/InitID
2017-07-27 23:18:32,802   GET     301       1 ms  /
2017-07-27 23:18:32,812   GET     301       0 ms  /
2017-07-27 23:18:32,822   GET     200       1 ms  /3/Cloud
2017-07-27 23:18:32,835   GET     200       1 ms  /3/InitID
2017-07-27 23:18:32,908   GET     200       1 ms  /3/Cloud
2017-07-27 23:18:32,925   GET     200       5 ms  /3/Frames/frame_rdd_79_98778e2b8393ee24d5dfb45469ea4996
2017-07-27 23:18:32,959   GET     200       1 ms  /3/Cloud
2017-07-27 23:18:32,977   GET     200       7 ms  /3/ModelBuilders/kmeans
2017-07-27 23:18:33,004   GET     200       1 ms  /3/Cloud
2017-07-27 23:18:33,034   POST    200      19 ms  /3/ModelBuilders/kmeans
2017-07-27 23:18:33,076   GET     200       1 ms  /3/Jobs/$03017f00000132d4ffffffff$_af290c151402f4d2ed84d66b7c3c4ea7
2017-07-27 23:18:34,094   GET     200       0 ms  /3/Jobs/$03017f00000132d4ffffffff$_af290c151402f4d2ed84d66b7c3c4ea7
2017-07-27 23:18:34,108   GET     200       1 ms  /3/Cloud
2017-07-27 23:18:34,130   GET     200      12 ms  /3/Models/KMeans_model_R_1501222695137_2
2017-07-27 23:18:34,207   GET     200       1 ms  /3/Cloud
2017-07-27 23:18:34,222   GET     200       6 ms  /3/ModelBuilders/pca
2017-07-27 23:18:34,243   GET     200       0 ms  /3/Cloud
2017-07-27 23:18:34,266   POST    200      13 ms  /3/ModelBuilders/pca
2017-07-27 23:18:34,303   GET     200       1 ms  /3/Jobs/$03017f00000132d4ffffffff$_b52b43b6d7b4d540e5efb5548cf647b2
2017-07-27 23:18:34,316   GET     200       1 ms  /3/Cloud
2017-07-27 23:18:34,337   GET     200       9 ms  /3/Models/PCA_model_R_1501222695137_3
2017-07-27 23:18:34,404   GET     200       1 ms  /3/Cloud
2017-07-27 23:18:34,417   GET     200       1 ms  /3/Cloud
2017-07-27 23:18:34,552   POST    200     120 ms  /99/Rapids
2017-07-27 23:18:34,566   GET     200       3 ms  /3/Frames/RTMP_sid_93e4_4
2017-07-27 23:18:34,586   GET     200       1 ms  /3/Cloud
2017-07-27 23:18:34,601   POST    200       4 ms  /99/Rapids
2017-07-27 23:18:34,612   GET     200       0 ms  /3/Cloud
2017-07-27 23:18:34,628   GET     200       5 ms  /3/ModelBuilders/drf
2017-07-27 23:18:34,665   GET     200       0 ms  /3/Cloud
2017-07-27 23:18:34,698   POST    200      23 ms  /3/ModelBuilders/drf
2017-07-27 23:18:34,736   GET     200       1 ms  /3/Jobs/$03017f00000132d4ffffffff$_90734ecf18ee9e48c446329d64224d28
2017-07-27 23:18:35,754   GET     200       1 ms  /3/Jobs/$03017f00000132d4ffffffff$_90734ecf18ee9e48c446329d64224d28
2017-07-27 23:18:35,768   GET     200       1 ms  /3/Cloud
2017-07-27 23:18:35,801   GET     200      18 ms  /3/Models/DRF_model_R_1501222695137_4
2017-07-27 23:18:35,950   GET     200       0 ms  /3/Cloud
2017-07-27 23:18:35,967   GET     200       5 ms  /3/ModelBuilders/gbm
2017-07-27 23:18:36,011   GET     200       0 ms  /3/Cloud
2017-07-27 23:18:36,035   POST    200      13 ms  /3/ModelBuilders/gbm
2017-07-27 23:18:36,111   GET     200       0 ms  /3/Jobs/$03017f00000132d4ffffffff$_8e8db35c2ce7be2cfbdaaa4fc0bc49c8
2017-07-27 23:18:37,133   GET     200       1 ms  /3/Jobs/$03017f00000132d4ffffffff$_8e8db35c2ce7be2cfbdaaa4fc0bc49c8
2017-07-27 23:18:37,146   GET     200       0 ms  /3/Cloud
2017-07-27 23:18:37,164   GET     200       8 ms  /3/Models/GBM_model_R_1501222695137_5
2017-07-27 23:18:38,080   GET     301       1 ms  /
2017-07-27 23:18:38,091   GET     301       0 ms  /
2017-07-27 23:18:38,102   GET     200       0 ms  /3/Cloud
2017-07-27 23:18:38,114   GET     200       0 ms  /3/InitID
2017-07-27 23:18:38,181   GET     200       1 ms  /3/Cloud
2017-07-27 23:18:38,199   GET     200       5 ms  /3/Frames/frame_rdd_122_b5b1a48286bc1fcf6e50d2dfa664eed
2017-07-27 23:18:38,247   GET     200       1 ms  /3/Cloud
2017-07-27 23:18:38,258   GET     200       0 ms  /3/Cloud
2017-07-27 23:18:38,277   POST    200       8 ms  /99/Rapids
2017-07-27 23:18:38,292   GET     200       5 ms  /3/Frames/RTMP_sid_9e8e_7
2017-07-27 23:18:38,318   GET     200       1 ms  /3/Cloud
2017-07-27 23:18:38,338   GET     200       7 ms  /3/ModelBuilders/deeplearning
2017-07-27 23:18:38,413   GET     200       1 ms  /3/Cloud
2017-07-27 23:18:38,467   POST    200      44 ms  /3/ModelBuilders/deeplearning
2017-07-27 23:18:38,542   GET     200       1 ms  /3/Cloud
2017-07-27 23:18:38,671   POST    200     109 ms  /99/Rapids
2017-07-27 23:18:38,682   GET     200       0 ms  /3/Cloud
2017-07-27 23:18:38,713   POST    200      17 ms  /99/Rapids
2017-07-27 23:18:38,732   GET     200       1 ms  /3/Cloud
2017-07-27 23:18:38,773   POST    200       2 ms  /99/Rapids
2017-07-27 23:18:38,785   GET     200       1 ms  /3/Cloud
2017-07-27 23:18:38,811   POST    200      14 ms  /99/Rapids
2017-07-27 23:18:38,823   GET     200       1 ms  /3/Cloud
2017-07-27 23:18:38,840   POST    200       5 ms  /99/Rapids
2017-07-27 23:18:38,920   GET     200       1 ms  /3/Jobs/$03017f00000132d4ffffffff$_8580ff49ab5704bb83584ded455244b4
2017-07-27 23:18:39,937   GET     200       1 ms  /3/Jobs/$03017f00000132d4ffffffff$_8580ff49ab5704bb83584ded455244b4
2017-07-27 23:18:39,951   GET     200       1 ms  /3/Cloud
2017-07-27 23:18:39,975   GET     200       9 ms  /3/Models/DeepLearning_model_R_1501222695137_6
2017-07-27 23:18:40,081   GET     200       1 ms  /3/Cloud
2017-07-27 23:18:40,098   POST    200       6 ms  /99/Rapids
2017-07-27 23:18:40,112   GET     200       0 ms  /3/Cloud
2017-07-27 23:18:40,137   POST    200      14 ms  /3/ModelMetrics/models/DeepLearning_model_R_1501222695137_6/frames/RTMP_sid_9e8e_9
2017-07-27 23:18:40,176   GET     200       1 ms  /3/Cloud
2017-07-27 23:18:40,190   GET     200       2 ms  /3/ModelBuilders/gbm
2017-07-27 23:18:40,230   GET     200       0 ms  /3/Cloud
2017-07-27 23:18:40,243   GET     200       1 ms  /3/Cloud
2017-07-27 23:18:40,258   POST    200       5 ms  /99/Rapids
2017-07-27 23:18:40,275   GET     200       4 ms  /3/Frames/RTMP_sid_9e8e_10
2017-07-27 23:18:40,307   GET     200       1 ms  /3/Cloud
2017-07-27 23:18:40,353   POST    200      36 ms  /99/Grid/gbm
2017-07-27 23:18:40,373   GET     200       1 ms  /3/Jobs/$03017f00000132d4ffffffff$_8c4bc2df039759264dfe3c00dd9c4cce
2017-07-27 23:18:41,387   GET     200       1 ms  /3/Jobs/$03017f00000132d4ffffffff$_8c4bc2df039759264dfe3c00dd9c4cce
2017-07-27 23:18:42,401   GET     200       1 ms  /3/Jobs/$03017f00000132d4ffffffff$_8c4bc2df039759264dfe3c00dd9c4cce
2017-07-27 23:18:43,418   GET     200       1 ms  /3/Jobs/$03017f00000132d4ffffffff$_8c4bc2df039759264dfe3c00dd9c4cce
2017-07-27 23:18:44,434   GET     200       0 ms  /3/Jobs/$03017f00000132d4ffffffff$_8c4bc2df039759264dfe3c00dd9c4cce
2017-07-27 23:18:45,445   GET     200       0 ms  /3/Jobs/$03017f00000132d4ffffffff$_8c4bc2df039759264dfe3c00dd9c4cce
2017-07-27 23:18:46,460   GET     200       1 ms  /3/Jobs/$03017f00000132d4ffffffff$_8c4bc2df039759264dfe3c00dd9c4cce
2017-07-27 23:18:47,472   GET     200       0 ms  /3/Jobs/$03017f00000132d4ffffffff$_8c4bc2df039759264dfe3c00dd9c4cce
2017-07-27 23:18:48,487   GET     200       1 ms  /3/Jobs/$03017f00000132d4ffffffff$_8c4bc2df039759264dfe3c00dd9c4cce
2017-07-27 23:18:49,500   GET     200       1 ms  /3/Jobs/$03017f00000132d4ffffffff$_8c4bc2df039759264dfe3c00dd9c4cce
2017-07-27 23:18:50,515   GET     200       1 ms  /3/Jobs/$03017f00000132d4ffffffff$_8c4bc2df039759264dfe3c00dd9c4cce
2017-07-27 23:18:51,532   GET     200       0 ms  /3/Jobs/$03017f00000132d4ffffffff$_8c4bc2df039759264dfe3c00dd9c4cce
2017-07-27 23:18:52,548   GET     200       0 ms  /3/Jobs/$03017f00000132d4ffffffff$_8c4bc2df039759264dfe3c00dd9c4cce
2017-07-27 23:18:53,566   GET     200       1 ms  /3/Jobs/$03017f00000132d4ffffffff$_8c4bc2df039759264dfe3c00dd9c4cce
2017-07-27 23:18:54,581   GET     200       0 ms  /3/Jobs/$03017f00000132d4ffffffff$_8c4bc2df039759264dfe3c00dd9c4cce
2017-07-27 23:18:55,598   GET     200       1 ms  /3/Jobs/$03017f00000132d4ffffffff$_8c4bc2df039759264dfe3c00dd9c4cce
2017-07-27 23:18:55,613   GET     200       1 ms  /3/Cloud
2017-07-27 23:18:55,641   GET     200      18 ms  /99/Grids/gbm_grid1
2017-07-27 23:18:55,747   GET     200       1 ms  /3/Cloud
2017-07-27 23:18:55,769   GET     200      11 ms  /99/Grids/gbm_grid1
2017-07-27 23:18:55,892   GET     200       1 ms  /3/Cloud
2017-07-27 23:18:55,904   GET     200       2 ms  /3/ModelBuilders/gbm
2017-07-27 23:18:55,949   GET     200       1 ms  /3/Cloud
2017-07-27 23:18:55,961   POST    200       3 ms  /99/Rapids
2017-07-27 23:18:55,982   GET     200       0 ms  /3/Cloud
2017-07-27 23:18:56,005   POST    200      13 ms  /99/Grid/gbm
2017-07-27 23:18:56,022   GET     200       1 ms  /3/Jobs/$03017f00000132d4ffffffff$_a9cb3419d58eead7d6c77b42760345de
2017-07-27 23:18:57,036   GET     200       0 ms  /3/Jobs/$03017f00000132d4ffffffff$_a9cb3419d58eead7d6c77b42760345de
2017-07-27 23:18:58,051   GET     200       0 ms  /3/Jobs/$03017f00000132d4ffffffff$_a9cb3419d58eead7d6c77b42760345de
2017-07-27 23:18:59,065   GET     200       1 ms  /3/Jobs/$03017f00000132d4ffffffff$_a9cb3419d58eead7d6c77b42760345de
2017-07-27 23:19:00,081   GET     200       1 ms  /3/Jobs/$03017f00000132d4ffffffff$_a9cb3419d58eead7d6c77b42760345de
2017-07-27 23:19:01,094   GET     200       1 ms  /3/Jobs/$03017f00000132d4ffffffff$_a9cb3419d58eead7d6c77b42760345de
2017-07-27 23:19:02,109   GET     200       1 ms  /3/Jobs/$03017f00000132d4ffffffff$_a9cb3419d58eead7d6c77b42760345de
2017-07-27 23:19:03,122   GET     200       0 ms  /3/Jobs/$03017f00000132d4ffffffff$_a9cb3419d58eead7d6c77b42760345de
2017-07-27 23:19:04,134   GET     200       0 ms  /3/Jobs/$03017f00000132d4ffffffff$_a9cb3419d58eead7d6c77b42760345de
2017-07-27 23:19:05,146   GET     200       0 ms  /3/Jobs/$03017f00000132d4ffffffff$_a9cb3419d58eead7d6c77b42760345de
2017-07-27 23:19:06,158   GET     200       0 ms  /3/Jobs/$03017f00000132d4ffffffff$_a9cb3419d58eead7d6c77b42760345de
2017-07-27 23:19:07,174   GET     200       1 ms  /3/Jobs/$03017f00000132d4ffffffff$_a9cb3419d58eead7d6c77b42760345de
2017-07-27 23:19:07,187   GET     200       0 ms  /3/Cloud
2017-07-27 23:19:07,209   GET     200      12 ms  /99/Grids/gbm_grid2
2017-07-27 23:19:07,323   GET     200       1 ms  /3/Cloud
2017-07-27 23:19:07,345   GET     200      12 ms  /99/Grids/gbm_grid2
